<?xml version="1.0" encoding="UTF-8"?>
<!-- Generated by org.testng.reporters.JUnitXMLReporter -->
<testsuite ignored="0" hostname="DESKTOP-300BKIO" failures="1" tests="2" name="Add contribution test on edge" time="29630.322" errors="0" timestamp="2024-03-07T23:49:06 IST">
  <testcase classname="memberRegressionTest.memberApplyLoanTest" name="LoanPendingTest" time="44.358"/>
  <testcase classname="memberRegressionTest.memberApplyLoanTest" name="memberLoanTest" time="0.136">
    <failure type="java.lang.AssertionError" message="expected [true] but found [false]">
      <![CDATA[java.lang.AssertionError: expected [true] but found [false]
at memberRegressionTest.memberApplyLoanTest.memberLoanTest(memberApplyLoanTest.java:32)
at java.base/java.util.ArrayList.forEach(ArrayList.java:1511)
at java.base/java.util.concurrent.FutureTask.run(FutureTask.java:264)
at java.base/java.util.concurrent.ThreadPoolExecutor.runWorker(ThreadPoolExecutor.java:1136)
at java.base/java.util.concurrent.ThreadPoolExecutor$Worker.run(ThreadPoolExecutor.java:635)
at java.base/java.lang.Thread.run(Thread.java:840)
... Removed 23 stack frames]]>
    </failure>
  </testcase> <!-- memberLoanTest -->
</testsuite> <!-- Add contribution test on edge -->
