{"uuid":"1af8305f-0e08-405a-9a09-8361b1b4d887","historyId":"38ba9e0ea1c8c6591a7384e4834c8c87","fullName":"memberRegressionTest.memberApplyLoanTest.memberLoanTest","labels":[{"name":"package","value":"memberRegressionTest.memberApplyLoanTest"},{"name":"testClass","value":"memberRegressionTest.memberApplyLoanTest"},{"name":"testMethod","value":"memberLoanTest"},{"name":"parentSuite","value":"Retry Failed Test Class"},{"name":"suite","value":"Failed Test"},{"name":"subSuite","value":"memberRegressionTest.memberApplyLoanTest"},{"name":"host","value":"DESKTOP-300BKIO"},{"name":"thread","value":"10020@DESKTOP-300BKIO.TestNG-tests-1(17)"},{"name":"framework","value":"testng"},{"name":"language","value":"java"}],"links":[],"name":"memberLoanTest","status":"broken","statusDetails":{"known":false,"muted":false,"flaky":false,"message":"Error {\n  message='Error: Element is not a <select> element\n  name='Error\n  stack='Error: Error: Element is not a <select> element\n    at CRExecutionContext.evaluateWithArguments (C:\\Users\\hp\\AppData\\Local\\Temp\\playwright-java-15413981401928471872\\package\\lib\\server\\chromium\\crExecutionContext.js:92:33)\n    at async LongStandingScope._race (C:\\Users\\hp\\AppData\\Local\\Temp\\playwright-java-15413981401928471872\\package\\lib\\utils\\manualPromise.js:96:14)\n    at async evaluateExpression (C:\\Users\\hp\\AppData\\Local\\Temp\\playwright-java-15413981401928471872\\package\\lib\\server\\javascript.js:241:12)\n    at async InjectedScriptPollHandler.finish (C:\\Users\\hp\\AppData\\Local\\Temp\\playwright-java-15413981401928471872\\package\\lib\\server\\dom.js:789:22)\n    at async ElementHandle.evaluatePoll (C:\\Users\\hp\\AppData\\Local\\Temp\\playwright-java-15413981401928471872\\package\\lib\\server\\dom.js:144:14)\n    at async C:\\Users\\hp\\AppData\\Local\\Temp\\playwright-java-15413981401928471872\\package\\lib\\server\\dom.js:470:22\n    at async FrameManager.waitForSignalsCreatedBy (C:\\Users\\hp\\AppData\\Local\\Temp\\playwright-java-15413981401928471872\\package\\lib\\server\\frames.js:117:20)\n    at async C:\\Users\\hp\\AppData\\Local\\Temp\\playwright-java-15413981401928471872\\package\\lib\\server\\frames.js:976:24\n    at async Frame.retryWithProgressAndTimeouts (C:\\Users\\hp\\AppData\\Local\\Temp\\playwright-java-15413981401928471872\\package\\lib\\server\\frames.js:912:24)\n    at async C:\\Users\\hp\\AppData\\Local\\Temp\\playwright-java-15413981401928471872\\package\\lib\\server\\frames.js:1153:14\n}\nCall log:\n- waiting for getByLabel(\"Choose Economic Sector\")\n-   locator resolved to <mat-select tabindex=\"0\" role=\"combobox\" id=\"mat-select-2\" a…>…</mat-select>\n-   selecting specified option(s)\n-   Element is not a <select> element\n","trace":"com.microsoft.playwright.PlaywrightException: Error {\n  message='Error: Element is not a <select> element\n  name='Error\n  stack='Error: Error: Element is not a <select> element\n    at CRExecutionContext.evaluateWithArguments (C:\\Users\\hp\\AppData\\Local\\Temp\\playwright-java-15413981401928471872\\package\\lib\\server\\chromium\\crExecutionContext.js:92:33)\n    at async LongStandingScope._race (C:\\Users\\hp\\AppData\\Local\\Temp\\playwright-java-15413981401928471872\\package\\lib\\utils\\manualPromise.js:96:14)\n    at async evaluateExpression (C:\\Users\\hp\\AppData\\Local\\Temp\\playwright-java-15413981401928471872\\package\\lib\\server\\javascript.js:241:12)\n    at async InjectedScriptPollHandler.finish (C:\\Users\\hp\\AppData\\Local\\Temp\\playwright-java-15413981401928471872\\package\\lib\\server\\dom.js:789:22)\n    at async ElementHandle.evaluatePoll (C:\\Users\\hp\\AppData\\Local\\Temp\\playwright-java-15413981401928471872\\package\\lib\\server\\dom.js:144:14)\n    at async C:\\Users\\hp\\AppData\\Local\\Temp\\playwright-java-15413981401928471872\\package\\lib\\server\\dom.js:470:22\n    at async FrameManager.waitForSignalsCreatedBy (C:\\Users\\hp\\AppData\\Local\\Temp\\playwright-java-15413981401928471872\\package\\lib\\server\\frames.js:117:20)\n    at async C:\\Users\\hp\\AppData\\Local\\Temp\\playwright-java-15413981401928471872\\package\\lib\\server\\frames.js:976:24\n    at async Frame.retryWithProgressAndTimeouts (C:\\Users\\hp\\AppData\\Local\\Temp\\playwright-java-15413981401928471872\\package\\lib\\server\\frames.js:912:24)\n    at async C:\\Users\\hp\\AppData\\Local\\Temp\\playwright-java-15413981401928471872\\package\\lib\\server\\frames.js:1153:14\n}\nCall log:\n- waiting for getByLabel(\"Choose Economic Sector\")\n-   locator resolved to <mat-select tabindex=\"0\" role=\"combobox\" id=\"mat-select-2\" a…>…</mat-select>\n-   selecting specified option(s)\n-   Element is not a <select> element\n\r\n\tat com.microsoft.playwright.impl.WaitableResult.get(WaitableResult.java:54)\r\n\tat com.microsoft.playwright.impl.ChannelOwner.runUntil(ChannelOwner.java:120)\r\n\tat com.microsoft.playwright.impl.Connection.sendMessage(Connection.java:129)\r\n\tat com.microsoft.playwright.impl.ChannelOwner.sendMessage(ChannelOwner.java:106)\r\n\tat com.microsoft.playwright.impl.FrameImpl.selectOption(FrameImpl.java:722)\r\n\tat com.microsoft.playwright.impl.FrameImpl.selectOptionImpl(FrameImpl.java:689)\r\n\tat com.microsoft.playwright.impl.FrameImpl.lambda$selectOption$31(FrameImpl.java:677)\r\n\tat com.microsoft.playwright.impl.LoggingSupport.withLogging(LoggingSupport.java:47)\r\n\tat com.microsoft.playwright.impl.ChannelOwner.withLogging(ChannelOwner.java:89)\r\n\tat com.microsoft.playwright.impl.FrameImpl.selectOption(FrameImpl.java:677)\r\n\tat com.microsoft.playwright.impl.FrameImpl.selectOption(FrameImpl.java:119)\r\n\tat com.microsoft.playwright.impl.LocatorImpl.selectOption(LocatorImpl.java:486)\r\n\tat com.microsoft.playwright.Locator.selectOption(Locator.java:4465)\r\n\tat memberRegressionPages.ApplyforLoan.applyforLoan(ApplyforLoan.java:179)\r\n\tat memberRegressionTest.memberApplyLoanTest.memberLoanTest(memberApplyLoanTest.java:31)\r\n\tat java.base/jdk.internal.reflect.NativeMethodAccessorImpl.invoke0(Native Method)\r\n\tat java.base/jdk.internal.reflect.NativeMethodAccessorImpl.invoke(NativeMethodAccessorImpl.java:77)\r\n\tat java.base/jdk.internal.reflect.DelegatingMethodAccessorImpl.invoke(DelegatingMethodAccessorImpl.java:43)\r\n\tat java.base/java.lang.reflect.Method.invoke(Method.java:568)\r\n\tat org.testng.internal.invokers.MethodInvocationHelper.invokeMethod(MethodInvocationHelper.java:139)\r\n\tat org.testng.internal.invokers.TestInvoker.invokeMethod(TestInvoker.java:664)\r\n\tat org.testng.internal.invokers.TestInvoker.invokeTestMethod(TestInvoker.java:227)\r\n\tat org.testng.internal.invokers.MethodRunner.runInSequence(MethodRunner.java:50)\r\n\tat org.testng.internal.invokers.TestInvoker$MethodInvocationAgent.invoke(TestInvoker.java:957)\r\n\tat org.testng.internal.invokers.TestInvoker.invokeTestMethods(TestInvoker.java:200)\r\n\tat org.testng.internal.invokers.TestMethodWorker.invokeTestMethods(TestMethodWorker.java:148)\r\n\tat org.testng.internal.invokers.TestMethodWorker.run(TestMethodWorker.java:128)\r\n\tat java.base/java.util.ArrayList.forEach(ArrayList.java:1511)\r\n\tat org.testng.TestRunner.privateRun(TestRunner.java:848)\r\n\tat org.testng.TestRunner.run(TestRunner.java:621)\r\n\tat org.testng.SuiteRunner.runTest(SuiteRunner.java:443)\r\n\tat org.testng.SuiteRunner.runSequentially(SuiteRunner.java:437)\r\n\tat org.testng.SuiteRunner.privateRun(SuiteRunner.java:397)\r\n\tat org.testng.SuiteRunner.run(SuiteRunner.java:336)\r\n\tat org.testng.SuiteRunnerWorker.runSuite(SuiteRunnerWorker.java:52)\r\n\tat org.testng.SuiteRunnerWorker.run(SuiteRunnerWorker.java:95)\r\n\tat org.testng.TestNG.runSuitesSequentially(TestNG.java:1280)\r\n\tat org.testng.TestNG.runSuitesLocally(TestNG.java:1200)\r\n\tat org.testng.TestNG.runSuites(TestNG.java:1114)\r\n\tat org.testng.TestNG.run(TestNG.java:1082)\r\n\tat baseTestMethod.BaseTest.retryFailedTestClass(BaseTest.java:194)\r\n\tat baseTestMethod.BaseTest.tearDown(BaseTest.java:155)\r\n\tat java.base/jdk.internal.reflect.NativeMethodAccessorImpl.invoke0(Native Method)\r\n\tat java.base/jdk.internal.reflect.NativeMethodAccessorImpl.invoke(NativeMethodAccessorImpl.java:77)\r\n\tat java.base/jdk.internal.reflect.DelegatingMethodAccessorImpl.invoke(DelegatingMethodAccessorImpl.java:43)\r\n\tat java.base/java.lang.reflect.Method.invoke(Method.java:568)\r\n\tat org.testng.internal.invokers.MethodInvocationHelper.invokeMethod(MethodInvocationHelper.java:139)\r\n\tat org.testng.internal.invokers.MethodInvocationHelper.invokeMethodConsideringTimeout(MethodInvocationHelper.java:69)\r\n\tat org.testng.internal.invokers.ConfigInvoker.invokeConfigurationMethod(ConfigInvoker.java:390)\r\n\tat org.testng.internal.invokers.ConfigInvoker.invokeConfigurations(ConfigInvoker.java:325)\r\n\tat org.testng.TestRunner.invokeTestConfigurations(TestRunner.java:663)\r\n\tat org.testng.TestRunner.afterRun(TestRunner.java:933)\r\n\tat org.testng.TestRunner.run(TestRunner.java:624)\r\n\tat org.testng.SuiteRunner.runTest(SuiteRunner.java:443)\r\n\tat org.testng.SuiteRunner$SuiteWorker.run(SuiteRunner.java:481)\r\n\tat org.testng.internal.thread.ThreadUtil.lambda$execute$0(ThreadUtil.java:58)\r\n\tat java.base/java.util.concurrent.FutureTask.run(FutureTask.java:264)\r\n\tat java.base/java.util.concurrent.ThreadPoolExecutor.runWorker(ThreadPoolExecutor.java:1136)\r\n\tat java.base/java.util.concurrent.ThreadPoolExecutor$Worker.run(ThreadPoolExecutor.java:635)\r\n\tat java.base/java.lang.Thread.run(Thread.java:840)\r\nCaused by: com.microsoft.playwright.impl.DriverException: Error {\n  message='Error: Element is not a <select> element\n  name='Error\n  stack='Error: Error: Element is not a <select> element\n    at CRExecutionContext.evaluateWithArguments (C:\\Users\\hp\\AppData\\Local\\Temp\\playwright-java-15413981401928471872\\package\\lib\\server\\chromium\\crExecutionContext.js:92:33)\n    at async LongStandingScope._race (C:\\Users\\hp\\AppData\\Local\\Temp\\playwright-java-15413981401928471872\\package\\lib\\utils\\manualPromise.js:96:14)\n    at async evaluateExpression (C:\\Users\\hp\\AppData\\Local\\Temp\\playwright-java-15413981401928471872\\package\\lib\\server\\javascript.js:241:12)\n    at async InjectedScriptPollHandler.finish (C:\\Users\\hp\\AppData\\Local\\Temp\\playwright-java-15413981401928471872\\package\\lib\\server\\dom.js:789:22)\n    at async ElementHandle.evaluatePoll (C:\\Users\\hp\\AppData\\Local\\Temp\\playwright-java-15413981401928471872\\package\\lib\\server\\dom.js:144:14)\n    at async C:\\Users\\hp\\AppData\\Local\\Temp\\playwright-java-15413981401928471872\\package\\lib\\server\\dom.js:470:22\n    at async FrameManager.waitForSignalsCreatedBy (C:\\Users\\hp\\AppData\\Local\\Temp\\playwright-java-15413981401928471872\\package\\lib\\server\\frames.js:117:20)\n    at async C:\\Users\\hp\\AppData\\Local\\Temp\\playwright-java-15413981401928471872\\package\\lib\\server\\frames.js:976:24\n    at async Frame.retryWithProgressAndTimeouts (C:\\Users\\hp\\AppData\\Local\\Temp\\playwright-java-15413981401928471872\\package\\lib\\server\\frames.js:912:24)\n    at async C:\\Users\\hp\\AppData\\Local\\Temp\\playwright-java-15413981401928471872\\package\\lib\\server\\frames.js:1153:14\n}\nCall log:\n- waiting for getByLabel(\"Choose Economic Sector\")\n-   locator resolved to <mat-select tabindex=\"0\" role=\"combobox\" id=\"mat-select-2\" a…>…</mat-select>\n-   selecting specified option(s)\n-   Element is not a <select> element\n\r\n\tat com.microsoft.playwright.impl.Connection.dispatch(Connection.java:257)\r\n\tat com.microsoft.playwright.impl.Connection.processOneMessage(Connection.java:209)\r\n\tat com.microsoft.playwright.impl.ChannelOwner.runUntil(ChannelOwner.java:118)\r\n\t... 58 more\r\n"},"stage":"finished","steps":[],"attachments":[],"parameters":[{"name":"Portal","value":"Member"},{"name":"browser","value":"chrome"}],"start":1709809086175,"stop":1709809106767}