{"uuid":"771f65ac-66bc-4b43-b757-47ed02e00f87","historyId":"986d858b155edc3d883ef76577c6fbe8","fullName":"baseTestMethod.BaseTest.setup","labels":[{"name":"package","value":"memberSmokeTest.moreTabsTest"},{"name":"testClass","value":"memberSmokeTest.moreTabsTest"},{"name":"testMethod","value":"setup"},{"name":"parentSuite","value":"Member Smoke Automation Test Results "},{"name":"suite","value":"moreTabsDetails"},{"name":"subSuite","value":"memberSmokeTest.moreTabsTest"},{"name":"host","value":"DESKTOP-300BKIO"},{"name":"thread","value":"11600@DESKTOP-300BKIO.TestNG-tests-3(21)"},{"name":"framework","value":"testng"},{"name":"language","value":"java"},{"name":"AS_ID","value":"-1"}],"links":[],"name":"setup","status":"broken","statusDetails":{"known":false,"muted":false,"flaky":false,"message":"Error {\n  message='net::ERR_CONNECTION_TIMED_OUT at https://cams-dev5.wakandi.com/#/account/login\n  name='Error\n  stack='Error: net::ERR_CONNECTION_TIMED_OUT at https://cams-dev5.wakandi.com/#/account/login\n    at FrameSession._navigate (C:\\Users\\hp\\AppData\\Local\\Temp\\playwright-java-2188028919238955615\\package\\lib\\server\\chromium\\crPage.js:508:35)\n    at runNextTicks (node:internal/process/task_queues:60:5)\n    at process.processImmediate (node:internal/timers:449:9)\n    at async Frame._gotoAction (C:\\Users\\hp\\AppData\\Local\\Temp\\playwright-java-2188028919238955615\\package\\lib\\server\\frames.js:534:28)\n}\nCall log:\n- navigating to \"https://cams-dev5.wakandi.com/#/account/login\", waiting until \"load\"\n","trace":"com.microsoft.playwright.PlaywrightException: Error {\n  message='net::ERR_CONNECTION_TIMED_OUT at https://cams-dev5.wakandi.com/#/account/login\n  name='Error\n  stack='Error: net::ERR_CONNECTION_TIMED_OUT at https://cams-dev5.wakandi.com/#/account/login\n    at FrameSession._navigate (C:\\Users\\hp\\AppData\\Local\\Temp\\playwright-java-2188028919238955615\\package\\lib\\server\\chromium\\crPage.js:508:35)\n    at runNextTicks (node:internal/process/task_queues:60:5)\n    at process.processImmediate (node:internal/timers:449:9)\n    at async Frame._gotoAction (C:\\Users\\hp\\AppData\\Local\\Temp\\playwright-java-2188028919238955615\\package\\lib\\server\\frames.js:534:28)\n}\nCall log:\n- navigating to \"https://cams-dev5.wakandi.com/#/account/login\", waiting until \"load\"\n\r\n\tat com.microsoft.playwright.impl.WaitableResult.get(WaitableResult.java:54)\r\n\tat com.microsoft.playwright.impl.ChannelOwner.runUntil(ChannelOwner.java:120)\r\n\tat com.microsoft.playwright.impl.Connection.sendMessage(Connection.java:129)\r\n\tat com.microsoft.playwright.impl.ChannelOwner.sendMessage(ChannelOwner.java:106)\r\n\tat com.microsoft.playwright.impl.FrameImpl.navigateImpl(FrameImpl.java:463)\r\n\tat com.microsoft.playwright.impl.PageImpl.lambda$navigate$45(PageImpl.java:836)\r\n\tat com.microsoft.playwright.impl.LoggingSupport.withLogging(LoggingSupport.java:47)\r\n\tat com.microsoft.playwright.impl.ChannelOwner.withLogging(ChannelOwner.java:89)\r\n\tat com.microsoft.playwright.impl.PageImpl.navigate(PageImpl.java:836)\r\n\tat com.microsoft.playwright.impl.PageImpl.navigate(PageImpl.java:42)\r\n\tat com.microsoft.playwright.Page.navigate(Page.java:5305)\r\n\tat initBrowser.startBrowser.initBrowserMember(startBrowser.java:60)\r\n\tat baseTestMethod.BaseTest.setup(BaseTest.java:61)\r\n\tat java.base/jdk.internal.reflect.NativeMethodAccessorImpl.invoke0(Native Method)\r\n\tat java.base/jdk.internal.reflect.NativeMethodAccessorImpl.invoke(NativeMethodAccessorImpl.java:77)\r\n\tat java.base/jdk.internal.reflect.DelegatingMethodAccessorImpl.invoke(DelegatingMethodAccessorImpl.java:43)\r\n\tat java.base/java.lang.reflect.Method.invoke(Method.java:568)\r\n\tat org.testng.internal.invokers.MethodInvocationHelper.invokeMethod(MethodInvocationHelper.java:139)\r\n\tat org.testng.internal.invokers.MethodInvocationHelper.invokeMethodConsideringTimeout(MethodInvocationHelper.java:69)\r\n\tat org.testng.internal.invokers.ConfigInvoker.invokeConfigurationMethod(ConfigInvoker.java:390)\r\n\tat org.testng.internal.invokers.ConfigInvoker.invokeConfigurations(ConfigInvoker.java:325)\r\n\tat org.testng.TestRunner.invokeTestConfigurations(TestRunner.java:663)\r\n\tat org.testng.TestRunner.beforeRun(TestRunner.java:652)\r\n\tat org.testng.TestRunner.run(TestRunner.java:614)\r\n\tat org.testng.SuiteRunner.runTest(SuiteRunner.java:443)\r\n\tat org.testng.SuiteRunner$SuiteWorker.run(SuiteRunner.java:481)\r\n\tat org.testng.internal.thread.ThreadUtil.lambda$execute$0(ThreadUtil.java:58)\r\n\tat java.base/java.util.concurrent.FutureTask.run(FutureTask.java:264)\r\n\tat java.base/java.util.concurrent.ThreadPoolExecutor.runWorker(ThreadPoolExecutor.java:1136)\r\n\tat java.base/java.util.concurrent.ThreadPoolExecutor$Worker.run(ThreadPoolExecutor.java:635)\r\n\tat java.base/java.lang.Thread.run(Thread.java:840)\r\nCaused by: com.microsoft.playwright.impl.DriverException: Error {\n  message='net::ERR_CONNECTION_TIMED_OUT at https://cams-dev5.wakandi.com/#/account/login\n  name='Error\n  stack='Error: net::ERR_CONNECTION_TIMED_OUT at https://cams-dev5.wakandi.com/#/account/login\n    at FrameSession._navigate (C:\\Users\\hp\\AppData\\Local\\Temp\\playwright-java-2188028919238955615\\package\\lib\\server\\chromium\\crPage.js:508:35)\n    at runNextTicks (node:internal/process/task_queues:60:5)\n    at process.processImmediate (node:internal/timers:449:9)\n    at async Frame._gotoAction (C:\\Users\\hp\\AppData\\Local\\Temp\\playwright-java-2188028919238955615\\package\\lib\\server\\frames.js:534:28)\n}\nCall log:\n- navigating to \"https://cams-dev5.wakandi.com/#/account/login\", waiting until \"load\"\n\r\n\tat com.microsoft.playwright.impl.Connection.dispatch(Connection.java:257)\r\n\tat com.microsoft.playwright.impl.Connection.processOneMessage(Connection.java:209)\r\n\tat com.microsoft.playwright.impl.ChannelOwner.runUntil(ChannelOwner.java:118)\r\n\t... 29 more\r\n"},"stage":"finished","steps":[],"attachments":[],"parameters":[{"name":"Portal","value":"Member"},{"name":"browser","value":"chromium"}],"start":1709616640313,"stop":1709616640326}