<?xml version="1.0" encoding="UTF-8"?>
<testng-results ignored="0" total="2" passed="1" failed="1" skipped="0">
  <reporter-output>
  </reporter-output>
  <suite started-at="2024-03-07T15:35:13 IST" name="Member Regression Automation Test Results" finished-at="2024-03-07T23:49:04 IST" duration-ms="29630322">
    <groups>
    </groups>
    <test started-at="2024-03-07T15:35:13 IST" name="Add contribution test on edge" finished-at="2024-03-07T23:49:04 IST" duration-ms="29630322">
      <class name="memberRegressionTest.memberApplyLoanTest">
        <test-method is-config="true" signature="setup(java.lang.String,java.lang.String)[pri:0, instance:memberRegressionTest.memberApplyLoanTest@14c93774]" started-at="2024-03-07T15:35:13 IST" name="setup" finished-at="2024-03-07T15:35:38 IST" duration-ms="24719" status="PASS">
          <params>
            <param index="0">
              <value>
                <![CDATA[Member]]>
              </value>
            </param>
            <param index="1">
              <value>
                <![CDATA[chrome]]>
              </value>
            </param>
          </params>
          <reporter-output>
          </reporter-output>
        </test-method> <!-- setup -->
        <test-method signature="LoanPendingTest()[pri:1, instance:memberRegressionTest.memberApplyLoanTest@14c93774]" started-at="2024-03-07T15:35:38 IST" name="LoanPendingTest" finished-at="2024-03-07T15:36:23 IST" duration-ms="44358" status="PASS">
          <reporter-output>
          </reporter-output>
        </test-method> <!-- LoanPendingTest -->
        <test-method signature="memberLoanTest()[pri:2, instance:memberRegressionTest.memberApplyLoanTest@14c93774]" started-at="2024-03-07T15:36:24 IST" name="memberLoanTest" finished-at="2024-03-07T15:36:24 IST" duration-ms="136" status="FAIL">
          <exception class="java.lang.AssertionError">
            <message>
              <![CDATA[expected [true] but found [false]]]>
            </message>
            <full-stacktrace>
              <![CDATA[java.lang.AssertionError: expected [true] but found [false]
at org.testng.Assert.fail(Assert.java:111)
at org.testng.Assert.failNotEquals(Assert.java:1578)
at org.testng.Assert.assertEqualsImpl(Assert.java:150)
at org.testng.Assert.assertEquals(Assert.java:132)
at org.testng.Assert.assertEquals(Assert.java:1067)
at org.testng.Assert.assertEquals(Assert.java:1087)
at memberRegressionTest.memberApplyLoanTest.memberLoanTest(memberApplyLoanTest.java:32)
at java.base/jdk.internal.reflect.NativeMethodAccessorImpl.invoke0(Native Method)
at java.base/jdk.internal.reflect.NativeMethodAccessorImpl.invoke(NativeMethodAccessorImpl.java:77)
at java.base/jdk.internal.reflect.DelegatingMethodAccessorImpl.invoke(DelegatingMethodAccessorImpl.java:43)
at java.base/java.lang.reflect.Method.invoke(Method.java:568)
at org.testng.internal.invokers.MethodInvocationHelper.invokeMethod(MethodInvocationHelper.java:139)
at org.testng.internal.invokers.TestInvoker.invokeMethod(TestInvoker.java:664)
at org.testng.internal.invokers.TestInvoker.invokeTestMethod(TestInvoker.java:227)
at org.testng.internal.invokers.MethodRunner.runInSequence(MethodRunner.java:50)
at org.testng.internal.invokers.TestInvoker$MethodInvocationAgent.invoke(TestInvoker.java:957)
at org.testng.internal.invokers.TestInvoker.invokeTestMethods(TestInvoker.java:200)
at org.testng.internal.invokers.TestMethodWorker.invokeTestMethods(TestMethodWorker.java:148)
at org.testng.internal.invokers.TestMethodWorker.run(TestMethodWorker.java:128)
at java.base/java.util.ArrayList.forEach(ArrayList.java:1511)
at org.testng.TestRunner.privateRun(TestRunner.java:848)
at org.testng.TestRunner.run(TestRunner.java:621)
at org.testng.SuiteRunner.runTest(SuiteRunner.java:443)
at org.testng.SuiteRunner$SuiteWorker.run(SuiteRunner.java:481)
at org.testng.internal.thread.ThreadUtil.lambda$execute$0(ThreadUtil.java:58)
at java.base/java.util.concurrent.FutureTask.run(FutureTask.java:264)
at java.base/java.util.concurrent.ThreadPoolExecutor.runWorker(ThreadPoolExecutor.java:1136)
at java.base/java.util.concurrent.ThreadPoolExecutor$Worker.run(ThreadPoolExecutor.java:635)
at java.base/java.lang.Thread.run(Thread.java:840)
]]>
            </full-stacktrace>
          </exception> <!-- java.lang.AssertionError -->
          <reporter-output>
          </reporter-output>
        </test-method> <!-- memberLoanTest -->
        <test-method is-config="true" signature="tearDown(java.lang.String,java.lang.String)[pri:0, instance:memberRegressionTest.memberApplyLoanTest@14c93774]" started-at="2024-03-07T15:36:25 IST" name="tearDown" finished-at="2024-03-07T23:49:04 IST" duration-ms="29558994" status="PASS">
          <params>
            <param index="0">
              <value>
                <![CDATA[Member]]>
              </value>
            </param>
            <param index="1">
              <value>
                <![CDATA[chrome]]>
              </value>
            </param>
          </params>
          <reporter-output>
          </reporter-output>
        </test-method> <!-- tearDown -->
      </class> <!-- memberRegressionTest.memberApplyLoanTest -->
    </test> <!-- Add contribution test on edge -->
  </suite> <!-- Member Regression Automation Test Results -->
</testng-results>
